<?xml version="1.0" encoding="UTF-8"?>
<!-- Generated by org.testng.reporters.JUnitReportReporter -->
<testsuite skipped="0" hostname="LAPTOP-788I4V22" name="DriverFactory.AppTest" tests="1" failures="0" timestamp="16 Oct 2020 21:16:30 GMT" time="40.547" errors="0">
  <testcase name="kistStart" time="40.547" classname="DriverFactory.AppTest"/>
</testsuite> <!-- DriverFactory.AppTest -->
