<?xml version="1.0" encoding="UTF-8"?>
<!-- Generated by org.testng.reporters.JUnitReportReporter -->
<testsuite skipped="0" hostname="LAPTOP-788I4V22" name="DriverFactory.AppTest" tests="1" failures="0" timestamp="18 Oct 2020 20:41:24 GMT" time="0.107" errors="0">
  <testcase name="kistStart" time="0.107" classname="DriverFactory.AppTest"/>
</testsuite> <!-- DriverFactory.AppTest -->
